<?xml version="1.0" encoding="UTF-8"?>
<testsuite name="com.questevent.service.SubmissionServiceImplTest" tests="4" skipped="0" failures="0" errors="0" timestamp="2026-01-09T14:23:58.841Z" hostname="LF2XK776W2" time="0.002">
  <properties/>
  <testcase name="submitActivity_shouldThrowIfSubmissionAlreadyExists()" classname="com.questevent.service.SubmissionServiceImplTest" time="0.001"/>
  <testcase name="submitActivity_shouldThrowIfActivityAlreadyCompleted()" classname="com.questevent.service.SubmissionServiceImplTest" time="0.0"/>
  <testcase name="submitActivity_shouldThrowIfUserNotRegistered()" classname="com.questevent.service.SubmissionServiceImplTest" time="0.0"/>
  <testcase name="submitActivity_shouldSaveSubmissionSuccessfully()" classname="com.questevent.service.SubmissionServiceImplTest" time="0.0"/>
  <system-out><![CDATA[]]></system-out>
  <system-err><![CDATA[]]></system-err>
</testsuite>
