<?xml version="1.0" encoding="UTF-8"?>
<testsuite name="com.questevent.service.RbacServiceTest" tests="8" skipped="0" failures="0" errors="0" timestamp="2026-01-10T05:51:02" hostname="LF2XK776W2" time="0.01">
  <properties/>
  <testcase name="program_management_paths()" classname="com.questevent.service.RbacServiceTest" time="0.003"/>
  <testcase name="jwt_authentication_branch_covered()" classname="com.questevent.service.RbacServiceTest" time="0.002"/>
  <testcase name="verify_submission_paths()" classname="com.questevent.service.RbacServiceTest" time="0.001"/>
  <testcase name="unauthenticated_user_denied()" classname="com.questevent.service.RbacServiceTest" time="0.001"/>
  <testcase name="getProgramIdByActivityId_paths()" classname="com.questevent.service.RbacServiceTest" time="0.001"/>
  <testcase name="oauth2_email_branch_covered()" classname="com.questevent.service.RbacServiceTest" time="0.001"/>
  <testcase name="owner_short_circuit_paths()" classname="com.questevent.service.RbacServiceTest" time="0.0"/>
  <testcase name="oauth2_fallback_username_branch_covered()" classname="com.questevent.service.RbacServiceTest" time="0.001"/>
  <system-out><![CDATA[]]></system-out>
  <system-err><![CDATA[]]></system-err>
</testsuite>
