<?xml version="1.0" encoding="UTF-8"?>
<testsuite name="com.questevent.service.ProgramServiceTest" tests="13" skipped="0" failures="0" errors="0" timestamp="2026-01-06T17:05:17.239Z" hostname="C71DH6R4Y6" time="0.006">
  <properties/>
  <testcase name="getProgramsByUserId_userNotFound()" classname="com.questevent.service.ProgramServiceTest" time="0.001"/>
  <testcase name="getProgramsByUserId_success()" classname="com.questevent.service.ProgramServiceTest" time="0.0"/>
  <testcase name="updateProgram_success()" classname="com.questevent.service.ProgramServiceTest" time="0.001"/>
  <testcase name="deleteProgram_permissionDenied()" classname="com.questevent.service.ProgramServiceTest" time="0.0"/>
  <testcase name="getProgramById_success()" classname="com.questevent.service.ProgramServiceTest" time="0.001"/>
  <testcase name="deleteProgram_programNotFound()" classname="com.questevent.service.ProgramServiceTest" time="0.0"/>
  <testcase name="createProgram_userNotFound()" classname="com.questevent.service.ProgramServiceTest" time="0.001"/>
  <testcase name="updateProgram_permissionDenied()" classname="com.questevent.service.ProgramServiceTest" time="0.0"/>
  <testcase name="getAllPrograms_success()" classname="com.questevent.service.ProgramServiceTest" time="0.001"/>
  <testcase name="updateProgram_programNotFound()" classname="com.questevent.service.ProgramServiceTest" time="0.0"/>
  <testcase name="getProgramById_notFound()" classname="com.questevent.service.ProgramServiceTest" time="0.0"/>
  <testcase name="deleteProgram_success()" classname="com.questevent.service.ProgramServiceTest" time="0.001"/>
  <testcase name="createProgram_success()" classname="com.questevent.service.ProgramServiceTest" time="0.0"/>
  <system-out><![CDATA[]]></system-out>
  <system-err><![CDATA[]]></system-err>
</testsuite>
