<?xml version="1.0" encoding="UTF-8"?>
<testsuite name="com.questevent.service.UserWalletTransactionServiceImplTest" tests="4" skipped="0" failures="0" errors="0" timestamp="2026-01-06T17:05:17.288Z" hostname="C71DH6R4Y6" time="0.001">
  <properties/>
  <testcase name="creditGems_amountNegative_shouldThrowException()" classname="com.questevent.service.UserWalletTransactionServiceImplTest" time="0.0"/>
  <testcase name="creditGems_amountZero_shouldThrowException()" classname="com.questevent.service.UserWalletTransactionServiceImplTest" time="0.001"/>
  <testcase name="creditGems_walletNotFound_shouldThrowException()" classname="com.questevent.service.UserWalletTransactionServiceImplTest" time="0.0"/>
  <testcase name="creditGems_success()" classname="com.questevent.service.UserWalletTransactionServiceImplTest" time="0.0"/>
  <system-out><![CDATA[]]></system-out>
  <system-err><![CDATA[]]></system-err>
</testsuite>
