<?xml version="1.0" encoding="UTF-8"?>
<testsuite name="com.questevent.service.ProgramServiceTest" tests="2" skipped="0" failures="0" errors="0" timestamp="2026-01-10T05:51:02" hostname="LF2XK776W2" time="0.023">
  <properties/>
  <testcase name="updateProgram_permissionDenied()" classname="com.questevent.service.ProgramServiceTest" time="0.022"/>
  <testcase name="updateProgram_programNotFound()" classname="com.questevent.service.ProgramServiceTest" time="0.001"/>
  <system-out><![CDATA[]]></system-out>
  <system-err><![CDATA[]]></system-err>
</testsuite>
