<?xml version="1.0" encoding="UTF-8"?>
<testsuite name="com.questevent.controller.ActivityControllerTest" tests="7" skipped="0" failures="0" errors="0" timestamp="2026-01-10T05:51:01" hostname="LF2XK776W2" time="0.142">
  <properties/>
  <testcase name="createActivity_success()" classname="com.questevent.controller.ActivityControllerTest" time="0.11"/>
  <testcase name="updateActivity_activityNotFound()" classname="com.questevent.controller.ActivityControllerTest" time="0.006"/>
  <testcase name="deleteActivity_success()" classname="com.questevent.controller.ActivityControllerTest" time="0.004"/>
  <testcase name="createActivity_programNotFound()" classname="com.questevent.controller.ActivityControllerTest" time="0.005"/>
  <testcase name="updateActivity_success()" classname="com.questevent.controller.ActivityControllerTest" time="0.006"/>
  <testcase name="deleteActivity_activityNotFound()" classname="com.questevent.controller.ActivityControllerTest" time="0.003"/>
  <testcase name="getActivities_success()" classname="com.questevent.controller.ActivityControllerTest" time="0.007"/>
  <system-out><![CDATA[2026-01-10 11:21:01.501 INFO  [Test worker] o.s.mock.web.MockServletContext - Initializing Spring TestDispatcherServlet ''
2026-01-10 11:21:01.501 INFO  [Test worker] o.s.t.w.s.TestDispatcherServlet - Initializing Servlet ''
2026-01-10 11:21:01.501 INFO  [Test worker] o.s.t.w.s.TestDispatcherServlet - Completed initialization in 0 ms
2026-01-10 11:21:01.585 INFO  [Test worker] o.s.mock.web.MockServletContext - Initializing Spring TestDispatcherServlet ''
2026-01-10 11:21:01.586 INFO  [Test worker] o.s.t.w.s.TestDispatcherServlet - Initializing Servlet ''
2026-01-10 11:21:01.586 INFO  [Test worker] o.s.t.w.s.TestDispatcherServlet - Completed initialization in 0 ms
2026-01-10 11:21:01.591 INFO  [Test worker] o.s.mock.web.MockServletContext - Initializing Spring TestDispatcherServlet ''
2026-01-10 11:21:01.592 INFO  [Test worker] o.s.t.w.s.TestDispatcherServlet - Initializing Servlet ''
2026-01-10 11:21:01.592 INFO  [Test worker] o.s.t.w.s.TestDispatcherServlet - Completed initialization in 0 ms
2026-01-10 11:21:01.595 INFO  [Test worker] o.s.mock.web.MockServletContext - Initializing Spring TestDispatcherServlet ''
2026-01-10 11:21:01.595 INFO  [Test worker] o.s.t.w.s.TestDispatcherServlet - Initializing Servlet ''
2026-01-10 11:21:01.596 INFO  [Test worker] o.s.t.w.s.TestDispatcherServlet - Completed initialization in 0 ms
2026-01-10 11:21:01.600 INFO  [Test worker] o.s.mock.web.MockServletContext - Initializing Spring TestDispatcherServlet ''
2026-01-10 11:21:01.600 INFO  [Test worker] o.s.t.w.s.TestDispatcherServlet - Initializing Servlet ''
2026-01-10 11:21:01.600 INFO  [Test worker] o.s.t.w.s.TestDispatcherServlet - Completed initialization in 0 ms
2026-01-10 11:21:01.606 INFO  [Test worker] o.s.mock.web.MockServletContext - Initializing Spring TestDispatcherServlet ''
2026-01-10 11:21:01.606 INFO  [Test worker] o.s.t.w.s.TestDispatcherServlet - Initializing Servlet ''
2026-01-10 11:21:01.606 INFO  [Test worker] o.s.t.w.s.TestDispatcherServlet - Completed initialization in 0 ms
2026-01-10 11:21:01.609 INFO  [Test worker] o.s.mock.web.MockServletContext - Initializing Spring TestDispatcherServlet ''
2026-01-10 11:21:01.609 INFO  [Test worker] o.s.t.w.s.TestDispatcherServlet - Initializing Servlet ''
2026-01-10 11:21:01.609 INFO  [Test worker] o.s.t.w.s.TestDispatcherServlet - Completed initialization in 0 ms
]]></system-out>
  <system-err><![CDATA[]]></system-err>
</testsuite>
