<?xml version="1.0" encoding="UTF-8"?>
<testsuite name="com.questevent.controller.UserControllerTest" tests="5" skipped="0" failures="0" errors="0" timestamp="2026-01-10T05:51:02" hostname="LF2XK776W2" time="0.022">
  <properties/>
  <testcase name="deleteUser_success()" classname="com.questevent.controller.UserControllerTest" time="0.019"/>
  <testcase name="updateUser_success()" classname="com.questevent.controller.UserControllerTest" time="0.0"/>
  <testcase name="getAllUsers_success()" classname="com.questevent.controller.UserControllerTest" time="0.001"/>
  <testcase name="createUser_success()" classname="com.questevent.controller.UserControllerTest" time="0.001"/>
  <testcase name="getUserById_success()" classname="com.questevent.controller.UserControllerTest" time="0.001"/>
  <system-out><![CDATA[]]></system-out>
  <system-err><![CDATA[]]></system-err>
</testsuite>
