<?xml version="1.0" encoding="UTF-8"?>
<testsuite name="com.questevent.controller.SubmissionControllerTest" tests="4" skipped="0" failures="0" errors="0" timestamp="2026-01-10T05:51:02" hostname="LF2XK776W2" time="0.027">
  <properties/>
  <testcase name="[1] userId=99, errorMessage=User is not registered for this activity" classname="com.questevent.controller.SubmissionControllerTest" time="0.023"/>
  <testcase name="[2] userId=2, errorMessage=Submission already exists for this registration" classname="com.questevent.controller.SubmissionControllerTest" time="0.001"/>
  <testcase name="[3] userId=2, errorMessage=Activity already completed. Submission not allowed." classname="com.questevent.controller.SubmissionControllerTest" time="0.003"/>
  <testcase name="submitActivity_shouldReturnCreated_whenSubmissionIsSuccessful()" classname="com.questevent.controller.SubmissionControllerTest" time="0.0"/>
  <system-out><![CDATA[]]></system-out>
  <system-err><![CDATA[]]></system-err>
</testsuite>
