<?xml version="1.0" encoding="UTF-8"?>
<testsuite name="com.questevent.service.UserWalletTransactionServiceImplTest" tests="4" skipped="0" failures="0" errors="0" timestamp="2026-01-10T05:51:02" hostname="LF2XK776W2" time="0.002">
  <properties/>
  <testcase name="creditGems_amountNegative_shouldThrowException()" classname="com.questevent.service.UserWalletTransactionServiceImplTest" time="0.001"/>
  <testcase name="creditGems_amountZero_shouldThrowException()" classname="com.questevent.service.UserWalletTransactionServiceImplTest" time="0.0"/>
  <testcase name="creditGems_walletNotFound_shouldThrowException()" classname="com.questevent.service.UserWalletTransactionServiceImplTest" time="0.0"/>
  <testcase name="creditGems_success()" classname="com.questevent.service.UserWalletTransactionServiceImplTest" time="0.0"/>
  <system-out><![CDATA[]]></system-out>
  <system-err><![CDATA[]]></system-err>
</testsuite>
