<?xml version="1.0" encoding="UTF-8"?>
<testsuite name="com.questevent.service.JwtServiceTest" tests="7" skipped="0" failures="0" errors="0" timestamp="2026-01-10T05:51:02" hostname="LF2XK776W2" time="0.049">
  <properties/>
  <testcase name="shouldExtractUsernameFromToken()" classname="com.questevent.service.JwtServiceTest" time="0.043"/>
  <testcase name="shouldExtractExpirationDate()" classname="com.questevent.service.JwtServiceTest" time="0.001"/>
  <testcase name="shouldGenerateAndValidateAccessToken()" classname="com.questevent.service.JwtServiceTest" time="0.001"/>
  <testcase name="shouldNotTreatRefreshTokenAsAccessToken()" classname="com.questevent.service.JwtServiceTest" time="0.001"/>
  <testcase name="shouldExtractUserPrincipalFromAccessToken()" classname="com.questevent.service.JwtServiceTest" time="0.0"/>
  <testcase name="shouldGenerateAndValidateRefreshToken()" classname="com.questevent.service.JwtServiceTest" time="0.001"/>
  <testcase name="shouldReturnFalseForInvalidToken()" classname="com.questevent.service.JwtServiceTest" time="0.001"/>
  <system-out><![CDATA[]]></system-out>
  <system-err><![CDATA[]]></system-err>
</testsuite>
