<?xml version="1.0" encoding="UTF-8"?>
<testsuite name="com.questevent.service.ProgramRegistrationServiceTest" tests="12" skipped="0" failures="0" errors="0" timestamp="2026-01-06T17:05:17.220Z" hostname="C71DH6R4Y6" time="0.019">
  <properties/>
  <testcase name="getRegistrationsByProgramId_success()" classname="com.questevent.service.ProgramRegistrationServiceTest" time="0.013"/>
  <testcase name="getParticipantCountForProgram_success()" classname="com.questevent.service.ProgramRegistrationServiceTest" time="0.0"/>
  <testcase name="getRegistrationById_success()" classname="com.questevent.service.ProgramRegistrationServiceTest" time="0.0"/>
  <testcase name="registerParticipantForProgram_programNotFound()" classname="com.questevent.service.ProgramRegistrationServiceTest" time="0.001"/>
  <testcase name="deleteRegistration_notFound()" classname="com.questevent.service.ProgramRegistrationServiceTest" time="0.0"/>
  <testcase name="getAllRegistrations_success()" classname="com.questevent.service.ProgramRegistrationServiceTest" time="0.001"/>
  <testcase name="deleteRegistration_success()" classname="com.questevent.service.ProgramRegistrationServiceTest" time="0.0"/>
  <testcase name="registerParticipantForProgram_alreadyRegistered()" classname="com.questevent.service.ProgramRegistrationServiceTest" time="0.001"/>
  <testcase name="registerParticipantForProgram_success()" classname="com.questevent.service.ProgramRegistrationServiceTest" time="0.001"/>
  <testcase name="getRegistrationById_notFound()" classname="com.questevent.service.ProgramRegistrationServiceTest" time="0.0"/>
  <testcase name="getRegistrationsByUserId_success()" classname="com.questevent.service.ProgramRegistrationServiceTest" time="0.001"/>
  <testcase name="registerParticipantForProgram_userNotFound()" classname="com.questevent.service.ProgramRegistrationServiceTest" time="0.0"/>
  <system-out><![CDATA[]]></system-out>
  <system-err><![CDATA[]]></system-err>
</testsuite>
