<?xml version="1.0" encoding="UTF-8"?>
<testsuite name="com.questevent.service.OAuthSuccessServiceTest" tests="4" skipped="0" failures="0" errors="0" timestamp="2026-01-06T17:05:17.186Z" hostname="C71DH6R4Y6" time="0.033">
  <properties/>
  <testcase name="shouldRedirectToCompleteProfile_whenUserHasDefaultProfile()" classname="com.questevent.service.OAuthSuccessServiceTest" time="0.031"/>
  <testcase name="shouldCreateUser_whenUserDoesNotExist()" classname="com.questevent.service.OAuthSuccessServiceTest" time="0.001"/>
  <testcase name="shouldResolveEmail_fromPreferredUsername()" classname="com.questevent.service.OAuthSuccessServiceTest" time="0.001"/>
  <testcase name="shouldRedirectToHome_whenProfileIsComplete()" classname="com.questevent.service.OAuthSuccessServiceTest" time="0.0"/>
  <system-out><![CDATA[]]></system-out>
  <system-err><![CDATA[]]></system-err>
</testsuite>
