<?xml version="1.0" encoding="UTF-8"?>
<testsuite name="com.questevent.controller.AuthControllerTest" tests="3" skipped="0" failures="0" errors="0" timestamp="2026-01-06T17:05:16.835Z" hostname="C71DH6R4Y6" time="0.08">
  <properties/>
  <testcase name="home_shouldReturnLoginSuccessHtml()" classname="com.questevent.controller.AuthControllerTest" time="0.077"/>
  <testcase name="logoutSuccess_shouldReturnLogoutHtml()" classname="com.questevent.controller.AuthControllerTest" time="0.0"/>
  <testcase name="getProfile_shouldReturnUserProfileMap()" classname="com.questevent.controller.AuthControllerTest" time="0.002"/>
  <system-out><![CDATA[]]></system-out>
  <system-err><![CDATA[]]></system-err>
</testsuite>
