<?xml version="1.0" encoding="UTF-8"?>
<testsuite name="com.questevent.controller.UserWalletControllerTest" tests="3" skipped="0" failures="0" errors="0" timestamp="2026-01-06T17:05:17.082Z" hostname="C71DH6R4Y6" time="0.015">
  <properties/>
  <testcase name="getUserWalletBalance_success()" classname="com.questevent.controller.UserWalletControllerTest" time="0.011"/>
  <testcase name="getUserWalletBalance_userNotFound()" classname="com.questevent.controller.UserWalletControllerTest" time="0.002"/>
  <testcase name="getUserWalletBalance_walletNotFound()" classname="com.questevent.controller.UserWalletControllerTest" time="0.002"/>
  <system-out><![CDATA[22:35:17.091 [Test worker] INFO org.springframework.mock.web.MockServletContext -- Initializing Spring TestDispatcherServlet ''
22:35:17.092 [Test worker] INFO org.springframework.test.web.servlet.TestDispatcherServlet -- Initializing Servlet ''
22:35:17.092 [Test worker] INFO org.springframework.test.web.servlet.TestDispatcherServlet -- Completed initialization in 0 ms
22:35:17.095 [Test worker] INFO org.springframework.mock.web.MockServletContext -- Initializing Spring TestDispatcherServlet ''
22:35:17.095 [Test worker] INFO org.springframework.test.web.servlet.TestDispatcherServlet -- Initializing Servlet ''
22:35:17.095 [Test worker] INFO org.springframework.test.web.servlet.TestDispatcherServlet -- Completed initialization in 0 ms
22:35:17.097 [Test worker] INFO org.springframework.mock.web.MockServletContext -- Initializing Spring TestDispatcherServlet ''
22:35:17.097 [Test worker] INFO org.springframework.test.web.servlet.TestDispatcherServlet -- Initializing Servlet ''
22:35:17.097 [Test worker] INFO org.springframework.test.web.servlet.TestDispatcherServlet -- Completed initialization in 0 ms
]]></system-out>
  <system-err><![CDATA[]]></system-err>
</testsuite>
