<?xml version="1.0" encoding="UTF-8"?>
<testsuite name="com.questevent.service.ProgramWalletTransactionServiceImplTest" tests="5" skipped="0" failures="0" errors="0" timestamp="2026-01-06T17:05:17.265Z" hostname="C71DH6R4Y6" time="0.002">
  <properties/>
  <testcase name="creditGems_shouldIncreaseBalance_whenValidInput()" classname="com.questevent.service.ProgramWalletTransactionServiceImplTest" time="0.001"/>
  <testcase name="creditGems_shouldThrowException_whenAmountIsNegative()" classname="com.questevent.service.ProgramWalletTransactionServiceImplTest" time="0.0"/>
  <testcase name="creditGems_shouldThrowException_whenAmountIsZero()" classname="com.questevent.service.ProgramWalletTransactionServiceImplTest" time="0.0"/>
  <testcase name="creditGems_shouldHandleLargeAmount()" classname="com.questevent.service.ProgramWalletTransactionServiceImplTest" time="0.0"/>
  <testcase name="creditGems_shouldThrowException_whenWalletNotFound()" classname="com.questevent.service.ProgramWalletTransactionServiceImplTest" time="0.0"/>
  <system-out><![CDATA[]]></system-out>
  <system-err><![CDATA[]]></system-err>
</testsuite>
