<?xml version="1.0" encoding="UTF-8"?>
<testsuite name="com.questevent.controller.LeaderboardControllerTest" tests="6" skipped="0" failures="0" errors="0" timestamp="2026-01-10T05:51:02" hostname="LF2XK776W2" time="0.019">
  <properties/>
  <testcase name="shouldReturnEmptyProgramLeaderboard()" classname="com.questevent.controller.LeaderboardControllerTest" time="0.015"/>
  <testcase name="shouldCallServiceWithCorrectProgramId()" classname="com.questevent.controller.LeaderboardControllerTest" time="0.0"/>
  <testcase name="shouldReturnProgramLeaderboard()" classname="com.questevent.controller.LeaderboardControllerTest" time="0.001"/>
  <testcase name="shouldCallServiceForGlobalLeaderboard()" classname="com.questevent.controller.LeaderboardControllerTest" time="0.001"/>
  <testcase name="shouldReturnGlobalLeaderboard()" classname="com.questevent.controller.LeaderboardControllerTest" time="0.0"/>
  <testcase name="shouldReturnEmptyGlobalLeaderboard()" classname="com.questevent.controller.LeaderboardControllerTest" time="0.0"/>
  <system-out><![CDATA[]]></system-out>
  <system-err><![CDATA[]]></system-err>
</testsuite>
