<?xml version="1.0" encoding="UTF-8"?>
<testsuite name="com.questevent.controller.JudgeControllerTest" tests="5" skipped="0" failures="0" errors="0" timestamp="2026-01-06T17:05:16.915Z" hostname="C71DH6R4Y6" time="0.013">
  <properties/>
  <testcase name="getSubmissionsForActivity_shouldThrowException_whenActivityNotFound()" classname="com.questevent.controller.JudgeControllerTest" time="0.011"/>
  <testcase name="reviewSubmission_shouldReturnSuccessMessage()" classname="com.questevent.controller.JudgeControllerTest" time="0.001"/>
  <testcase name="getSubmissionsForActivity_shouldReturnSubmissions()" classname="com.questevent.controller.JudgeControllerTest" time="0.0"/>
  <testcase name="getPendingSubmissions_shouldReturnList()" classname="com.questevent.controller.JudgeControllerTest" time="0.001"/>
  <testcase name="reviewSubmission_shouldThrowException_whenAlreadyReviewed()" classname="com.questevent.controller.JudgeControllerTest" time="0.0"/>
  <system-out><![CDATA[]]></system-out>
  <system-err><![CDATA[]]></system-err>
</testsuite>
