<?xml version="1.0" encoding="UTF-8"?>
<testsuite name="com.questevent.service.OAuthSuccessServiceTest" tests="5" skipped="0" failures="0" errors="0" timestamp="2026-01-10T05:51:02" hostname="LF2XK776W2" time="0.023">
  <properties/>
  <testcase name="shouldResolveEmailFromPreferredUsername_whenEmailIsNull()" classname="com.questevent.service.OAuthSuccessServiceTest" time="0.019"/>
  <testcase name="shouldCreateNewUserAndRedirectToCompleteProfile_whenUserNotExists()" classname="com.questevent.service.OAuthSuccessServiceTest" time="0.001"/>
  <testcase name="shouldResolveEmailFromUpn_whenOthersAreNull()" classname="com.questevent.service.OAuthSuccessServiceTest" time="0.001"/>
  <testcase name="shouldRedirectToProfile_whenExistingUserProfileComplete()" classname="com.questevent.service.OAuthSuccessServiceTest" time="0.001"/>
  <testcase name="shouldRedirectToCompleteProfile_whenExistingUserProfileIncomplete()" classname="com.questevent.service.OAuthSuccessServiceTest" time="0.0"/>
  <system-out><![CDATA[]]></system-out>
  <system-err><![CDATA[]]></system-err>
</testsuite>
