<?xml version="1.0" encoding="UTF-8"?>
<testsuite name="com.questevent.service.UserWalletServiceTest" tests="6" skipped="0" failures="0" errors="0" timestamp="2026-01-10T05:51:02" hostname="LF2XK776W2" time="0.004">
  <properties/>
  <testcase name="getMyWalletBalance_userNotFound()" classname="com.questevent.service.UserWalletServiceTest" time="0.0"/>
  <testcase name="createWalletForUser_success()" classname="com.questevent.service.UserWalletServiceTest" time="0.002"/>
  <testcase name="getMyWalletBalance_unauthenticated()" classname="com.questevent.service.UserWalletServiceTest" time="0.001"/>
  <testcase name="getMyWalletBalance_success()" classname="com.questevent.service.UserWalletServiceTest" time="0.0"/>
  <testcase name="getMyWalletBalance_walletNotFound()" classname="com.questevent.service.UserWalletServiceTest" time="0.001"/>
  <testcase name="createWalletForUser_walletAlreadyExists()" classname="com.questevent.service.UserWalletServiceTest" time="0.0"/>
  <system-out><![CDATA[]]></system-out>
  <system-err><![CDATA[]]></system-err>
</testsuite>
