<?xml version="1.0" encoding="UTF-8"?>
<testsuite name="com.questevent.controller.ActivityRegistrationControllerTest" tests="7" skipped="0" failures="0" errors="0" timestamp="2026-01-10T05:51:01" hostname="LF2XK776W2" time="0.078">
  <properties/>
  <testcase name="deleteRegistration_exception_propagates()" classname="com.questevent.controller.ActivityRegistrationControllerTest" time="0.025"/>
  <testcase name="getRegistrationById_success()" classname="com.questevent.controller.ActivityRegistrationControllerTest" time="0.006"/>
  <testcase name="getRegistrationById_exception_propagates()" classname="com.questevent.controller.ActivityRegistrationControllerTest" time="0.003"/>
  <testcase name="getAllRegistrations_success()" classname="com.questevent.controller.ActivityRegistrationControllerTest" time="0.026"/>
  <testcase name="registerParticipant_success()" classname="com.questevent.controller.ActivityRegistrationControllerTest" time="0.01"/>
  <testcase name="addParticipantToActivity_success()" classname="com.questevent.controller.ActivityRegistrationControllerTest" time="0.005"/>
  <testcase name="deleteRegistration_success()" classname="com.questevent.controller.ActivityRegistrationControllerTest" time="0.003"/>
  <system-out><![CDATA[2026-01-10 11:21:01.638 INFO  [Test worker] o.s.mock.web.MockServletContext - Initializing Spring TestDispatcherServlet ''
2026-01-10 11:21:01.638 INFO  [Test worker] o.s.t.w.s.TestDispatcherServlet - Initializing Servlet ''
2026-01-10 11:21:01.638 INFO  [Test worker] o.s.t.w.s.TestDispatcherServlet - Completed initialization in 0 ms
2026-01-10 11:21:01.642 INFO  [Test worker] o.s.mock.web.MockServletContext - Initializing Spring TestDispatcherServlet ''
2026-01-10 11:21:01.642 INFO  [Test worker] o.s.t.w.s.TestDispatcherServlet - Initializing Servlet ''
2026-01-10 11:21:01.642 INFO  [Test worker] o.s.t.w.s.TestDispatcherServlet - Completed initialization in 0 ms
2026-01-10 11:21:01.648 INFO  [Test worker] o.s.mock.web.MockServletContext - Initializing Spring TestDispatcherServlet ''
2026-01-10 11:21:01.648 INFO  [Test worker] o.s.t.w.s.TestDispatcherServlet - Initializing Servlet ''
2026-01-10 11:21:01.648 INFO  [Test worker] o.s.t.w.s.TestDispatcherServlet - Completed initialization in 0 ms
2026-01-10 11:21:01.652 INFO  [Test worker] o.s.mock.web.MockServletContext - Initializing Spring TestDispatcherServlet ''
2026-01-10 11:21:01.652 INFO  [Test worker] o.s.t.w.s.TestDispatcherServlet - Initializing Servlet ''
2026-01-10 11:21:01.652 INFO  [Test worker] o.s.t.w.s.TestDispatcherServlet - Completed initialization in 0 ms
2026-01-10 11:21:01.677 INFO  [Test worker] o.s.mock.web.MockServletContext - Initializing Spring TestDispatcherServlet ''
2026-01-10 11:21:01.677 INFO  [Test worker] o.s.t.w.s.TestDispatcherServlet - Initializing Servlet ''
2026-01-10 11:21:01.677 INFO  [Test worker] o.s.t.w.s.TestDispatcherServlet - Completed initialization in 0 ms
2026-01-10 11:21:01.687 INFO  [Test worker] o.s.mock.web.MockServletContext - Initializing Spring TestDispatcherServlet ''
2026-01-10 11:21:01.687 INFO  [Test worker] o.s.t.w.s.TestDispatcherServlet - Initializing Servlet ''
2026-01-10 11:21:01.687 INFO  [Test worker] o.s.t.w.s.TestDispatcherServlet - Completed initialization in 0 ms
2026-01-10 11:21:01.692 INFO  [Test worker] o.s.mock.web.MockServletContext - Initializing Spring TestDispatcherServlet ''
2026-01-10 11:21:01.692 INFO  [Test worker] o.s.t.w.s.TestDispatcherServlet - Initializing Servlet ''
2026-01-10 11:21:01.692 INFO  [Test worker] o.s.t.w.s.TestDispatcherServlet - Completed initialization in 0 ms
]]></system-out>
  <system-err><![CDATA[]]></system-err>
</testsuite>
