<?xml version="1.0" encoding="UTF-8"?>
<testsuite name="com.questevent.service.ActivityRegistrationServiceTest" tests="16" skipped="0" failures="0" errors="0" timestamp="2026-01-06T17:05:17.097Z" hostname="C71DH6R4Y6" time="0.039">
  <properties/>
  <testcase name="updateCompletionStatus_success()" classname="com.questevent.service.ActivityRegistrationServiceTest" time="0.03"/>
  <testcase name="registerParticipantForActivity_alreadyRegistered()" classname="com.questevent.service.ActivityRegistrationServiceTest" time="0.001"/>
  <testcase name="registerParticipantForActivity_activityNotFound()" classname="com.questevent.service.ActivityRegistrationServiceTest" time="0.001"/>
  <testcase name="registerParticipantForActivity_success()" classname="com.questevent.service.ActivityRegistrationServiceTest" time="0.001"/>
  <testcase name="getRegistrationById_success()" classname="com.questevent.service.ActivityRegistrationServiceTest" time="0.0"/>
  <testcase name="getRegistrationsByActivityIdAndStatus_success()" classname="com.questevent.service.ActivityRegistrationServiceTest" time="0.001"/>
  <testcase name="deleteRegistration_notFound()" classname="com.questevent.service.ActivityRegistrationServiceTest" time="0.0"/>
  <testcase name="getAllRegistrations_success()" classname="com.questevent.service.ActivityRegistrationServiceTest" time="0.001"/>
  <testcase name="getRegistrationsByActivityId_success()" classname="com.questevent.service.ActivityRegistrationServiceTest" time="0.0"/>
  <testcase name="updateCompletionStatus_notFound()" classname="com.questevent.service.ActivityRegistrationServiceTest" time="0.001"/>
  <testcase name="deleteRegistration_success()" classname="com.questevent.service.ActivityRegistrationServiceTest" time="0.001"/>
  <testcase name="getParticipantCountForActivity_success()" classname="com.questevent.service.ActivityRegistrationServiceTest" time="0.0"/>
  <testcase name="registerParticipantForActivity_userNotFound()" classname="com.questevent.service.ActivityRegistrationServiceTest" time="0.001"/>
  <testcase name="getRegistrationById_notFound()" classname="com.questevent.service.ActivityRegistrationServiceTest" time="0.0"/>
  <testcase name="getRegistrationsByUserId_success()" classname="com.questevent.service.ActivityRegistrationServiceTest" time="0.001"/>
  <testcase name="getRegistrationsByUserIdAndStatus_success()" classname="com.questevent.service.ActivityRegistrationServiceTest" time="0.0"/>
  <system-out><![CDATA[]]></system-out>
  <system-err><![CDATA[]]></system-err>
</testsuite>
