<?xml version="1.0" encoding="UTF-8"?>
<testsuite name="com.questevent.controller.ProgramControllerTest" tests="11" skipped="0" failures="0" errors="0" timestamp="2026-01-06T17:05:16.929Z" hostname="C71DH6R4Y6" time="0.064">
  <properties/>
  <testcase name="settleProgram_success()" classname="com.questevent.controller.ProgramControllerTest" time="0.022"/>
  <testcase name="getProgramsByUserId_success()" classname="com.questevent.controller.ProgramControllerTest" time="0.005"/>
  <testcase name="updateProgram_success()" classname="com.questevent.controller.ProgramControllerTest" time="0.005"/>
  <testcase name="getProgramById_success()" classname="com.questevent.controller.ProgramControllerTest" time="0.004"/>
  <testcase name="deleteProgram_notFound()" classname="com.questevent.controller.ProgramControllerTest" time="0.003"/>
  <testcase name="updateProgram_notFound()" classname="com.questevent.controller.ProgramControllerTest" time="0.004"/>
  <testcase name="createProgram_userNotFound()" classname="com.questevent.controller.ProgramControllerTest" time="0.003"/>
  <testcase name="getAllPrograms_success()" classname="com.questevent.controller.ProgramControllerTest" time="0.005"/>
  <testcase name="getProgramById_notFound()" classname="com.questevent.controller.ProgramControllerTest" time="0.003"/>
  <testcase name="deleteProgram_success()" classname="com.questevent.controller.ProgramControllerTest" time="0.003"/>
  <testcase name="createProgram_success()" classname="com.questevent.controller.ProgramControllerTest" time="0.004"/>
  <system-out><![CDATA[22:35:16.950 [Test worker] INFO org.springframework.mock.web.MockServletContext -- Initializing Spring TestDispatcherServlet ''
22:35:16.950 [Test worker] INFO org.springframework.test.web.servlet.TestDispatcherServlet -- Initializing Servlet ''
22:35:16.950 [Test worker] INFO org.springframework.test.web.servlet.TestDispatcherServlet -- Completed initialization in 0 ms
22:35:16.954 [Test worker] INFO org.springframework.mock.web.MockServletContext -- Initializing Spring TestDispatcherServlet ''
22:35:16.954 [Test worker] INFO org.springframework.test.web.servlet.TestDispatcherServlet -- Initializing Servlet ''
22:35:16.954 [Test worker] INFO org.springframework.test.web.servlet.TestDispatcherServlet -- Completed initialization in 0 ms
22:35:16.960 [Test worker] INFO org.springframework.mock.web.MockServletContext -- Initializing Spring TestDispatcherServlet ''
22:35:16.960 [Test worker] INFO org.springframework.test.web.servlet.TestDispatcherServlet -- Initializing Servlet ''
22:35:16.960 [Test worker] INFO org.springframework.test.web.servlet.TestDispatcherServlet -- Completed initialization in 0 ms
22:35:16.965 [Test worker] INFO org.springframework.mock.web.MockServletContext -- Initializing Spring TestDispatcherServlet ''
22:35:16.965 [Test worker] INFO org.springframework.test.web.servlet.TestDispatcherServlet -- Initializing Servlet ''
22:35:16.965 [Test worker] INFO org.springframework.test.web.servlet.TestDispatcherServlet -- Completed initialization in 0 ms
22:35:16.969 [Test worker] INFO org.springframework.mock.web.MockServletContext -- Initializing Spring TestDispatcherServlet ''
22:35:16.969 [Test worker] INFO org.springframework.test.web.servlet.TestDispatcherServlet -- Initializing Servlet ''
22:35:16.969 [Test worker] INFO org.springframework.test.web.servlet.TestDispatcherServlet -- Completed initialization in 0 ms
22:35:16.972 [Test worker] INFO org.springframework.mock.web.MockServletContext -- Initializing Spring TestDispatcherServlet ''
22:35:16.972 [Test worker] INFO org.springframework.test.web.servlet.TestDispatcherServlet -- Initializing Servlet ''
22:35:16.972 [Test worker] INFO org.springframework.test.web.servlet.TestDispatcherServlet -- Completed initialization in 0 ms
22:35:16.976 [Test worker] INFO org.springframework.mock.web.MockServletContext -- Initializing Spring TestDispatcherServlet ''
22:35:16.976 [Test worker] INFO org.springframework.test.web.servlet.TestDispatcherServlet -- Initializing Servlet ''
22:35:16.976 [Test worker] INFO org.springframework.test.web.servlet.TestDispatcherServlet -- Completed initialization in 0 ms
22:35:16.982 [Test worker] INFO org.springframework.mock.web.MockServletContext -- Initializing Spring TestDispatcherServlet ''
22:35:16.982 [Test worker] INFO org.springframework.test.web.servlet.TestDispatcherServlet -- Initializing Servlet ''
22:35:16.982 [Test worker] INFO org.springframework.test.web.servlet.TestDispatcherServlet -- Completed initialization in 0 ms
22:35:16.986 [Test worker] INFO org.springframework.mock.web.MockServletContext -- Initializing Spring TestDispatcherServlet ''
22:35:16.986 [Test worker] INFO org.springframework.test.web.servlet.TestDispatcherServlet -- Initializing Servlet ''
22:35:16.986 [Test worker] INFO org.springframework.test.web.servlet.TestDispatcherServlet -- Completed initialization in 0 ms
22:35:16.988 [Test worker] INFO org.springframework.mock.web.MockServletContext -- Initializing Spring TestDispatcherServlet ''
22:35:16.988 [Test worker] INFO org.springframework.test.web.servlet.TestDispatcherServlet -- Initializing Servlet ''
22:35:16.989 [Test worker] INFO org.springframework.test.web.servlet.TestDispatcherServlet -- Completed initialization in 0 ms
22:35:16.991 [Test worker] INFO org.springframework.mock.web.MockServletContext -- Initializing Spring TestDispatcherServlet ''
22:35:16.992 [Test worker] INFO org.springframework.test.web.servlet.TestDispatcherServlet -- Initializing Servlet ''
22:35:16.992 [Test worker] INFO org.springframework.test.web.servlet.TestDispatcherServlet -- Completed initialization in 0 ms
]]></system-out>
  <system-err><![CDATA[]]></system-err>
</testsuite>
