<?xml version="1.0" encoding="UTF-8"?>
<testsuite name="com.questevent.service.UserWalletServiceTest" tests="5" skipped="0" failures="0" errors="0" timestamp="2026-01-06T17:05:17.273Z" hostname="C71DH6R4Y6" time="0.014">
  <properties/>
  <testcase name="getWalletBalance_success()" classname="com.questevent.service.UserWalletServiceTest" time="0.012"/>
  <testcase name="createWalletForUser_success()" classname="com.questevent.service.UserWalletServiceTest" time="0.001"/>
  <testcase name="getWalletBalance_walletNotFound()" classname="com.questevent.service.UserWalletServiceTest" time="0.001"/>
  <testcase name="createWalletForUser_walletAlreadyExists()" classname="com.questevent.service.UserWalletServiceTest" time="0.0"/>
  <testcase name="getWalletBalance_userNotFound()" classname="com.questevent.service.UserWalletServiceTest" time="0.0"/>
  <system-out><![CDATA[]]></system-out>
  <system-err><![CDATA[]]></system-err>
</testsuite>
