<?xml version="1.0" encoding="UTF-8"?>
<testsuite name="com.questevent.config.CorsConfigTest" tests="3" skipped="0" failures="0" errors="0" timestamp="2026-01-10T05:50:54" hostname="LF2XK776W2" time="0.32">
  <properties/>
  <testcase name="shouldExposeAuthorizationHeader()" classname="com.questevent.config.CorsConfigTest" time="0.316"/>
  <testcase name="shouldRejectUnknownOrigin()" classname="com.questevent.config.CorsConfigTest" time="0.002"/>
  <testcase name="shouldAllowCorsForValidOrigin()" classname="com.questevent.config.CorsConfigTest" time="0.001"/>
  <system-out><![CDATA[11:20:46.075 [Test worker] INFO org.springframework.test.context.support.AnnotationConfigContextLoaderUtils -- Could not detect default configuration classes for test class [com.questevent.config.CorsConfigTest]: CorsConfigTest does not declare any static, non-private, non-final, nested classes annotated with @Configuration.
11:20:46.145 [Test worker] INFO org.springframework.boot.test.context.SpringBootTestContextBootstrapper -- Found @SpringBootConfiguration com.questevent.QuestEventApplication for test class com.questevent.config.CorsConfigTest
11:20:46,003 |-INFO in ch.qos.logback.classic.LoggerContext[default] - This is logback-classic version 1.5.11
11:20:46,005 |-INFO in ch.qos.logback.classic.util.ContextInitializer@669c2b07 - Here is a list of configurators discovered as a service, by rank: 
11:20:46,005 |-INFO in ch.qos.logback.classic.util.ContextInitializer@669c2b07 -   org.springframework.boot.logging.logback.RootLogLevelConfigurator
11:20:46,005 |-INFO in ch.qos.logback.classic.util.ContextInitializer@669c2b07 - They will be invoked in order until ExecutionStatus.DO_NOT_INVOKE_NEXT_IF_ANY is returned.
11:20:46,005 |-INFO in ch.qos.logback.classic.util.ContextInitializer@669c2b07 - Constructed configurator of type class org.springframework.boot.logging.logback.RootLogLevelConfigurator
11:20:46,007 |-INFO in ch.qos.logback.classic.util.ContextInitializer@669c2b07 - org.springframework.boot.logging.logback.RootLogLevelConfigurator.configure() call lasted 0 milliseconds. ExecutionStatus=INVOKE_NEXT_IF_ANY
11:20:46,007 |-INFO in ch.qos.logback.classic.util.ContextInitializer@669c2b07 - Trying to configure with ch.qos.logback.classic.joran.SerializedModelConfigurator
11:20:46,008 |-INFO in ch.qos.logback.classic.util.ContextInitializer@669c2b07 - Constructed configurator of type class ch.qos.logback.classic.joran.SerializedModelConfigurator
11:20:46,008 |-INFO in ch.qos.logback.classic.LoggerContext[default] - Could NOT find resource [logback-test.scmo]
11:20:46,008 |-INFO in ch.qos.logback.classic.LoggerContext[default] - Could NOT find resource [logback.scmo]
11:20:46,008 |-INFO in ch.qos.logback.classic.util.ContextInitializer@669c2b07 - ch.qos.logback.classic.joran.SerializedModelConfigurator.configure() call lasted 0 milliseconds. ExecutionStatus=INVOKE_NEXT_IF_ANY
11:20:46,008 |-INFO in ch.qos.logback.classic.util.ContextInitializer@669c2b07 - Trying to configure with ch.qos.logback.classic.util.DefaultJoranConfigurator
11:20:46,009 |-INFO in ch.qos.logback.classic.util.ContextInitializer@669c2b07 - Constructed configurator of type class ch.qos.logback.classic.util.DefaultJoranConfigurator
11:20:46,009 |-INFO in ch.qos.logback.classic.LoggerContext[default] - Could NOT find resource [logback-test.xml]
11:20:46,009 |-INFO in ch.qos.logback.classic.LoggerContext[default] - Could NOT find resource [logback.xml]
11:20:46,009 |-INFO in ch.qos.logback.classic.util.ContextInitializer@669c2b07 - ch.qos.logback.classic.util.DefaultJoranConfigurator.configure() call lasted 0 milliseconds. ExecutionStatus=INVOKE_NEXT_IF_ANY
11:20:46,009 |-INFO in ch.qos.logback.classic.util.ContextInitializer@669c2b07 - Trying to configure with ch.qos.logback.classic.BasicConfigurator
11:20:46,009 |-INFO in ch.qos.logback.classic.util.ContextInitializer@669c2b07 - Constructed configurator of type class ch.qos.logback.classic.BasicConfigurator
11:20:46,009 |-INFO in ch.qos.logback.classic.BasicConfigurator@1b1ea1d9 - Setting up default configuration.
11:20:46,016 |-INFO in ch.qos.logback.classic.util.ContextInitializer@669c2b07 - ch.qos.logback.classic.BasicConfigurator.configure() call lasted 7 milliseconds. ExecutionStatus=NEUTRAL
11:20:46,376 |-INFO in ch.qos.logback.core.model.processor.AppenderModelHandler - Processing appender named [CONSOLE]
11:20:46,376 |-INFO in ch.qos.logback.core.model.processor.AppenderModelHandler - About to instantiate appender of type [ch.qos.logback.core.ConsoleAppender]
11:20:46,378 |-INFO in ch.qos.logback.core.model.processor.ImplicitModelHandler - Assuming default type [ch.qos.logback.classic.encoder.PatternLayoutEncoder] for [encoder] property
11:20:46,388 |-INFO in ch.qos.logback.core.model.processor.AppenderModelHandler - Processing appender named [FILE]
11:20:46,388 |-INFO in ch.qos.logback.core.model.processor.AppenderModelHandler - About to instantiate appender of type [ch.qos.logback.core.rolling.RollingFileAppender]
11:20:46,390 |-INFO in ch.qos.logback.core.model.processor.ModelInterpretationContext@6a902015 - value "logs/questevent.log" substituted for "${LOG_PATH}/${LOG_FILE}.log"
11:20:46,392 |-INFO in ch.qos.logback.core.model.processor.ModelInterpretationContext@6a902015 - value "logs/questevent.%d{yyyy-MM-dd}.%i.log" substituted for "${LOG_PATH}/${LOG_FILE}.%d{yyyy-MM-dd}.%i.log"
11:20:46,393 |-INFO in c.q.l.core.rolling.SizeAndTimeBasedRollingPolicy@1440325059 - setting totalSizeCap to 1 GB
11:20:46,395 |-INFO in c.q.l.core.rolling.SizeAndTimeBasedRollingPolicy@1440325059 - Archive files will be limited to [10 MB] each.
11:20:46,396 |-INFO in c.q.l.core.rolling.SizeAndTimeBasedRollingPolicy@1440325059 - No compression will be used
11:20:46,397 |-INFO in c.q.l.core.rolling.SizeAndTimeBasedRollingPolicy@1440325059 - Will use the pattern logs/questevent.%d{yyyy-MM-dd}.%i.log for the active file
11:20:46,398 |-INFO in ch.qos.logback.core.rolling.SizeAndTimeBasedFileNamingAndTriggeringPolicy@521a506c - The date pattern is 'yyyy-MM-dd' from file name pattern 'logs/questevent.%d{yyyy-MM-dd}.%i.log'.
11:20:46,398 |-INFO in ch.qos.logback.core.rolling.SizeAndTimeBasedFileNamingAndTriggeringPolicy@521a506c - Roll-over at midnight.
11:20:46,398 |-INFO in ch.qos.logback.core.rolling.SizeAndTimeBasedFileNamingAndTriggeringPolicy@521a506c - Setting initial period to 2026-01-10T05:41:46.269Z
11:20:46,399 |-INFO in ch.qos.logback.core.model.processor.ImplicitModelHandler - Assuming default type [ch.qos.logback.classic.encoder.PatternLayoutEncoder] for [encoder] property
11:20:46,400 |-WARN in ch.qos.logback.classic.encoder.PatternLayoutEncoder@3c64339f - As of version 1.2.0 "immediateFlush" property should be set within the enclosing Appender.
11:20:46,400 |-WARN in ch.qos.logback.classic.encoder.PatternLayoutEncoder@3c64339f - Please move "immediateFlush" property into the enclosing appender.
11:20:46,400 |-WARN in ch.qos.logback.classic.encoder.PatternLayoutEncoder@3c64339f - Setting the "immediateFlush" property of the enclosing appender to true
11:20:46,401 |-INFO in ch.qos.logback.core.rolling.RollingFileAppender[FILE] - Active log file name: logs/questevent.log
11:20:46,401 |-INFO in ch.qos.logback.core.rolling.RollingFileAppender[FILE] - File property is set to [logs/questevent.log]
11:20:46,401 |-INFO in ch.qos.logback.classic.model.processor.RootLoggerModelHandler - Setting level of ROOT logger to INFO
11:20:46,401 |-INFO in ch.qos.logback.classic.jul.LevelChangePropagator@579f3c8e - Propagating INFO level on Logger[ROOT] onto the JUL framework
11:20:46,402 |-INFO in ch.qos.logback.core.model.processor.AppenderRefModelHandler - Attaching appender named [CONSOLE] to Logger[ROOT]
11:20:46,402 |-INFO in ch.qos.logback.core.model.processor.AppenderRefModelHandler - Attaching appender named [FILE] to Logger[ROOT]
11:20:46,402 |-INFO in ch.qos.logback.classic.model.processor.LoggerModelHandler - Setting level of logger [com.questevent] to DEBUG
11:20:46,402 |-INFO in ch.qos.logback.classic.jul.LevelChangePropagator@579f3c8e - Propagating DEBUG level on Logger[com.questevent] onto the JUL framework
11:20:46,402 |-INFO in ch.qos.logback.classic.model.processor.LoggerModelHandler - Setting additivity of logger [com.questevent] to false
11:20:46,402 |-INFO in ch.qos.logback.core.model.processor.AppenderRefModelHandler - Attaching appender named [FILE] to Logger[com.questevent]
11:20:46,402 |-INFO in ch.qos.logback.core.model.processor.DefaultProcessor@4eb1943b - End of configuration.
11:20:46,403 |-INFO in org.springframework.boot.logging.logback.SpringBootJoranConfigurator@4e2824b1 - Registering current configuration as safe fallback point


  .   ____          _            __ _ _
 /\\ / ___'_ __ _ _(_)_ __  __ _ \ \ \ \
( ( )\___ | '_ | '_| | '_ \/ _` | \ \ \ \
 \\/  ___)| |_)| | | | | || (_| |  ) ) ) )
  '  |____| .__|_| |_|_| |_\__, | / / / /
 =========|_|==============|___/=/_/_/_/

 :: Spring Boot ::                (v3.3.5)

2026-01-10 11:20:46.430 INFO  [background-preinit] o.h.validator.internal.util.Version - HV000001: Hibernate Validator 8.0.1.Final
2026-01-10 11:20:46.927 INFO  [Test worker] o.s.d.r.c.RepositoryConfigurationDelegate - Bootstrapping Spring Data JPA repositories in DEFAULT mode.
2026-01-10 11:20:46.966 INFO  [Test worker] o.s.d.r.c.RepositoryConfigurationDelegate - Finished Spring Data repository scanning in 35 ms. Found 9 JPA repository interfaces.
2026-01-10 11:20:47.226 INFO  [Test worker] com.zaxxer.hikari.HikariDataSource - HikariPool-1 - Starting...
2026-01-10 11:20:51.004 INFO  [Test worker] com.zaxxer.hikari.pool.HikariPool - HikariPool-1 - Added connection org.postgresql.jdbc.PgConnection@38648de6
2026-01-10 11:20:51.006 INFO  [Test worker] com.zaxxer.hikari.HikariDataSource - HikariPool-1 - Start completed.
2026-01-10 11:20:51.044 INFO  [Test worker] o.h.jpa.internal.util.LogHelper - HHH000204: Processing PersistenceUnitInfo [name: default]
2026-01-10 11:20:51.080 INFO  [Test worker] org.hibernate.Version - HHH000412: Hibernate ORM core version 6.5.3.Final
2026-01-10 11:20:51.100 INFO  [Test worker] o.h.c.i.RegionFactoryInitiator - HHH000026: Second-level cache disabled
2026-01-10 11:20:51.254 INFO  [Test worker] o.s.o.j.p.SpringPersistenceUnitInfo - No LoadTimeWeaver setup: ignoring JPA class transformer
2026-01-10 11:20:51.736 WARN  [Test worker] org.hibernate.orm.deprecation - HHH90000025: PostgreSQLDialect does not need to be specified explicitly using 'hibernate.dialect' (remove the property setting and it will be selected by default)
2026-01-10 11:20:53.176 INFO  [Test worker] o.h.e.t.j.p.i.JtaPlatformInitiator - HHH000489: No JTA platform available (set 'hibernate.transaction.jta.platform' to enable JTA platform integration)
2026-01-10 11:20:53.177 INFO  [Test worker] o.s.o.j.LocalContainerEntityManagerFactoryBean - Initialized JPA EntityManagerFactory for persistence unit 'default'
2026-01-10 11:20:53.351 INFO  [Test worker] o.s.d.j.r.query.QueryEnhancerFactory - Hibernate is in classpath; If applicable, HQL parser will be used.
2026-01-10 11:20:54.278 WARN  [Test worker] o.s.b.a.o.j.JpaBaseConfiguration$JpaWebConfiguration - spring.jpa.open-in-view is enabled by default. Therefore, database queries may be performed during view rendering. Explicitly configure spring.jpa.open-in-view to disable this warning
2026-01-10 11:20:54.620 INFO  [Test worker] o.s.b.t.m.w.SpringBootMockServletContext - Initializing Spring TestDispatcherServlet ''
2026-01-10 11:20:54.620 INFO  [Test worker] o.s.t.w.s.TestDispatcherServlet - Initializing Servlet ''
2026-01-10 11:20:54.620 INFO  [Test worker] o.s.t.w.s.TestDispatcherServlet - Completed initialization in 0 ms
]]></system-out>
  <system-err><![CDATA[WARNING: A Java agent has been loaded dynamically (/Users/abhinashsamal/.gradle/caches/modules-2/files-2.1/net.bytebuddy/byte-buddy-agent/1.14.19/154da3a65b4f4a909d3e5bdec55d1b2b4cbb6ce1/byte-buddy-agent-1.14.19.jar)
WARNING: If a serviceability tool is in use, please run with -XX:+EnableDynamicAgentLoading to hide this warning
WARNING: If a serviceability tool is not in use, please run with -Djdk.instrument.traceUsage for more information
WARNING: Dynamic loading of agents will be disallowed by default in a future release
]]></system-err>
</testsuite>
