<?xml version="1.0" encoding="UTF-8"?>
<testsuite name="com.questevent.service.JudgeServiceImplTest" tests="6" skipped="0" failures="0" errors="0" timestamp="2026-01-10T05:51:02" hostname="LF2XK776W2" time="0.027">
  <properties/>
  <testcase name="getPendingSubmissionsForJudge_shouldReturnPendingForJudge()" classname="com.questevent.service.JudgeServiceImplTest" time="0.024"/>
  <testcase name="reviewSubmission_shouldApproveSubmissionAndCreditWallet()" classname="com.questevent.service.JudgeServiceImplTest" time="0.0"/>
  <testcase name="reviewSubmission_shouldThrowIfJudgeNotAssigned()" classname="com.questevent.service.JudgeServiceImplTest" time="0.0"/>
  <testcase name="reviewSubmission_shouldThrowIfAlreadyReviewed()" classname="com.questevent.service.JudgeServiceImplTest" time="0.001"/>
  <testcase name="reviewSubmission_shouldThrowIfSubmissionNotFound()" classname="com.questevent.service.JudgeServiceImplTest" time="0.0"/>
  <testcase name="reviewSubmission_shouldThrowIfInvalidRewardGems()" classname="com.questevent.service.JudgeServiceImplTest" time="0.001"/>
  <system-out><![CDATA[]]></system-out>
  <system-err><![CDATA[]]></system-err>
</testsuite>
