<?xml version="1.0" encoding="UTF-8"?>
<testsuite name="com.questevent.config.OpenApiConfigTest" tests="4" skipped="0" failures="0" errors="0" timestamp="2026-01-09T14:23:57.540Z" hostname="LF2XK776W2" time="0.006">
  <properties/>
  <testcase name="bearerSecuritySchemeShouldBeConfigured()" classname="com.questevent.config.OpenApiConfigTest" time="0.003"/>
  <testcase name="openApiBeanShouldLoad()" classname="com.questevent.config.OpenApiConfigTest" time="0.001"/>
  <testcase name="securityRequirementShouldBeAdded()" classname="com.questevent.config.OpenApiConfigTest" time="0.001"/>
  <testcase name="openApiInfoShouldBeConfigured()" classname="com.questevent.config.OpenApiConfigTest" time="0.0"/>
  <system-out><![CDATA[2026-01-09 19:53:54.126 INFO  [Test worker] o.s.t.c.s.AnnotationConfigContextLoaderUtils - Could not detect default configuration classes for test class [com.questevent.config.OpenApiConfigTest]: OpenApiConfigTest does not declare any static, non-private, non-final, nested classes annotated with @Configuration.
2026-01-09 19:53:54.128 INFO  [Test worker] o.s.b.t.c.SpringBootTestContextBootstrapper - Found @SpringBootConfiguration com.questevent.QuestEventApplication for test class com.questevent.config.OpenApiConfigTest

  .   ____          _            __ _ _
 /\\ / ___'_ __ _ _(_)_ __  __ _ \ \ \ \
( ( )\___ | '_ | '_| | '_ \/ _` | \ \ \ \
 \\/  ___)| |_)| | | | | || (_| |  ) ) ) )
  '  |____| .__|_| |_|_| |_\__, | / / / /
 =========|_|==============|___/=/_/_/_/

 :: Spring Boot ::                (v3.3.5)

2026-01-09 19:53:54.334 INFO  [Test worker] o.s.d.r.c.RepositoryConfigurationDelegate - Bootstrapping Spring Data JPA repositories in DEFAULT mode.
2026-01-09 19:53:54.353 INFO  [Test worker] o.s.d.r.c.RepositoryConfigurationDelegate - Finished Spring Data repository scanning in 19 ms. Found 9 JPA repository interfaces.
2026-01-09 19:53:54.452 INFO  [Test worker] com.zaxxer.hikari.HikariDataSource - HikariPool-2 - Starting...
2026-01-09 19:53:56.400 INFO  [Test worker] com.zaxxer.hikari.pool.HikariPool - HikariPool-2 - Added connection org.postgresql.jdbc.PgConnection@3fc18b19
2026-01-09 19:53:56.400 INFO  [Test worker] com.zaxxer.hikari.HikariDataSource - HikariPool-2 - Start completed.
2026-01-09 19:53:56.402 INFO  [Test worker] o.h.jpa.internal.util.LogHelper - HHH000204: Processing PersistenceUnitInfo [name: default]
2026-01-09 19:53:56.403 INFO  [Test worker] o.h.c.i.RegionFactoryInitiator - HHH000026: Second-level cache disabled
2026-01-09 19:53:56.407 INFO  [Test worker] o.s.o.j.p.SpringPersistenceUnitInfo - No LoadTimeWeaver setup: ignoring JPA class transformer
2026-01-09 19:53:56.643 WARN  [Test worker] org.hibernate.orm.deprecation - HHH90000025: PostgreSQLDialect does not need to be specified explicitly using 'hibernate.dialect' (remove the property setting and it will be selected by default)
2026-01-09 19:53:57.219 INFO  [Test worker] o.h.e.t.j.p.i.JtaPlatformInitiator - HHH000489: No JTA platform available (set 'hibernate.transaction.jta.platform' to enable JTA platform integration)
2026-01-09 19:53:57.219 INFO  [Test worker] o.s.o.j.LocalContainerEntityManagerFactoryBean - Initialized JPA EntityManagerFactory for persistence unit 'default'
2026-01-09 19:53:57.445 WARN  [Test worker] o.s.b.a.o.j.JpaBaseConfiguration$JpaWebConfiguration - spring.jpa.open-in-view is enabled by default. Therefore, database queries may be performed during view rendering. Explicitly configure spring.jpa.open-in-view to disable this warning
]]></system-out>
  <system-err><![CDATA[]]></system-err>
</testsuite>
