<?xml version="1.0" encoding="UTF-8"?>
<testsuite name="com.questevent.service.LeaderboardServiceTest" tests="2" skipped="0" failures="0" errors="0" timestamp="2026-01-09T14:23:58.693Z" hostname="LF2XK776W2" time="0.021">
  <properties/>
  <testcase name="getProgramLeaderboard_shouldReturnProgramLeaderboard()" classname="com.questevent.service.LeaderboardServiceTest" time="0.021"/>
  <testcase name="getGlobalLeaderboard_shouldReturnGlobalLeaderboard()" classname="com.questevent.service.LeaderboardServiceTest" time="0.0"/>
  <system-out><![CDATA[]]></system-out>
  <system-err><![CDATA[]]></system-err>
</testsuite>
