<?xml version="1.0" encoding="UTF-8"?>
<testsuite name="com.questevent.controller.ProgramRegistrationControllerTest" tests="8" skipped="0" failures="0" errors="0" timestamp="2026-01-10T05:51:02" hostname="LF2XK776W2" time="0.048">
  <properties/>
  <testcase name="getRegistrationsByProgram_success()" classname="com.questevent.controller.ProgramRegistrationControllerTest" time="0.024"/>
  <testcase name="getRegistrationById_success()" classname="com.questevent.controller.ProgramRegistrationControllerTest" time="0.003"/>
  <testcase name="deleteRegistration_notFound()" classname="com.questevent.controller.ProgramRegistrationControllerTest" time="0.002"/>
  <testcase name="getRegistrationsByUser_success()" classname="com.questevent.controller.ProgramRegistrationControllerTest" time="0.003"/>
  <testcase name="getAllRegistrations_success()" classname="com.questevent.controller.ProgramRegistrationControllerTest" time="0.004"/>
  <testcase name="registerParticipant_success()" classname="com.questevent.controller.ProgramRegistrationControllerTest" time="0.004"/>
  <testcase name="deleteRegistration_success()" classname="com.questevent.controller.ProgramRegistrationControllerTest" time="0.003"/>
  <testcase name="getRegistrationById_notFound()" classname="com.questevent.controller.ProgramRegistrationControllerTest" time="0.003"/>
  <system-out><![CDATA[2026-01-10 11:21:02.509 INFO  [Test worker] o.s.mock.web.MockServletContext - Initializing Spring TestDispatcherServlet ''
2026-01-10 11:21:02.509 INFO  [Test worker] o.s.t.w.s.TestDispatcherServlet - Initializing Servlet ''
2026-01-10 11:21:02.509 INFO  [Test worker] o.s.t.w.s.TestDispatcherServlet - Completed initialization in 0 ms
2026-01-10 11:21:02.514 INFO  [Test worker] o.s.mock.web.MockServletContext - Initializing Spring TestDispatcherServlet ''
2026-01-10 11:21:02.514 INFO  [Test worker] o.s.t.w.s.TestDispatcherServlet - Initializing Servlet ''
2026-01-10 11:21:02.514 INFO  [Test worker] o.s.t.w.s.TestDispatcherServlet - Completed initialization in 0 ms
2026-01-10 11:21:02.517 INFO  [Test worker] o.s.mock.web.MockServletContext - Initializing Spring TestDispatcherServlet ''
2026-01-10 11:21:02.517 INFO  [Test worker] o.s.t.w.s.TestDispatcherServlet - Initializing Servlet ''
2026-01-10 11:21:02.518 INFO  [Test worker] o.s.t.w.s.TestDispatcherServlet - Completed initialization in 1 ms
2026-01-10 11:21:02.520 INFO  [Test worker] o.s.mock.web.MockServletContext - Initializing Spring TestDispatcherServlet ''
2026-01-10 11:21:02.520 INFO  [Test worker] o.s.t.w.s.TestDispatcherServlet - Initializing Servlet ''
2026-01-10 11:21:02.520 INFO  [Test worker] o.s.t.w.s.TestDispatcherServlet - Completed initialization in 0 ms
2026-01-10 11:21:02.524 INFO  [Test worker] o.s.mock.web.MockServletContext - Initializing Spring TestDispatcherServlet ''
2026-01-10 11:21:02.524 INFO  [Test worker] o.s.t.w.s.TestDispatcherServlet - Initializing Servlet ''
2026-01-10 11:21:02.524 INFO  [Test worker] o.s.t.w.s.TestDispatcherServlet - Completed initialization in 0 ms
2026-01-10 11:21:02.527 INFO  [Test worker] o.s.mock.web.MockServletContext - Initializing Spring TestDispatcherServlet ''
2026-01-10 11:21:02.527 INFO  [Test worker] o.s.t.w.s.TestDispatcherServlet - Initializing Servlet ''
2026-01-10 11:21:02.528 INFO  [Test worker] o.s.t.w.s.TestDispatcherServlet - Completed initialization in 1 ms
2026-01-10 11:21:02.532 INFO  [Test worker] o.s.mock.web.MockServletContext - Initializing Spring TestDispatcherServlet ''
2026-01-10 11:21:02.532 INFO  [Test worker] o.s.t.w.s.TestDispatcherServlet - Initializing Servlet ''
2026-01-10 11:21:02.532 INFO  [Test worker] o.s.t.w.s.TestDispatcherServlet - Completed initialization in 0 ms
2026-01-10 11:21:02.534 INFO  [Test worker] o.s.mock.web.MockServletContext - Initializing Spring TestDispatcherServlet ''
2026-01-10 11:21:02.534 INFO  [Test worker] o.s.t.w.s.TestDispatcherServlet - Initializing Servlet ''
2026-01-10 11:21:02.535 INFO  [Test worker] o.s.t.w.s.TestDispatcherServlet - Completed initialization in 0 ms
]]></system-out>
  <system-err><![CDATA[]]></system-err>
</testsuite>
