<?xml version="1.0" encoding="UTF-8"?>
<testsuite name="com.questevent.service.ProgramWalletTransactionServiceImplTest" tests="10" skipped="0" failures="0" errors="0" timestamp="2026-01-09T14:23:58.823Z" hostname="LF2XK776W2" time="0.006">
  <properties/>
  <testcase name="creditGems_shouldIncreaseBalance_whenValidInput()" classname="com.questevent.service.ProgramWalletTransactionServiceImplTest" time="0.001"/>
  <testcase name="creditGems_shouldThrowException_whenAmountIsNegative()" classname="com.questevent.service.ProgramWalletTransactionServiceImplTest" time="0.0"/>
  <testcase name="manuallySettleExpiredProgramWallets_shouldThrowException_whenProgramCompleted()" classname="com.questevent.service.ProgramWalletTransactionServiceImplTest" time="0.001"/>
  <testcase name="creditGems_shouldThrowException_whenAmountIsZero()" classname="com.questevent.service.ProgramWalletTransactionServiceImplTest" time="0.0"/>
  <testcase name="autoSettleExpiredProgramWallets_shouldTransferGemsAndCompleteProgram()" classname="com.questevent.service.ProgramWalletTransactionServiceImplTest" time="0.0"/>
  <testcase name="creditGems_shouldHandleLargeAmount()" classname="com.questevent.service.ProgramWalletTransactionServiceImplTest" time="0.001"/>
  <testcase name="manuallySettleExpiredProgramWallets_shouldThrowException_whenProgramIdInvalid()" classname="com.questevent.service.ProgramWalletTransactionServiceImplTest" time="0.0"/>
  <testcase name="manuallySettleExpiredProgramWallets_shouldSettleAndCompleteProgram()" classname="com.questevent.service.ProgramWalletTransactionServiceImplTest" time="0.001"/>
  <testcase name="creditGems_shouldThrowException_whenWalletNotFound()" classname="com.questevent.service.ProgramWalletTransactionServiceImplTest" time="0.0"/>
  <testcase name="autoSettleExpiredProgramWallets_shouldSkipWalletsWithZeroGems()" classname="com.questevent.service.ProgramWalletTransactionServiceImplTest" time="0.001"/>
  <system-out><![CDATA[]]></system-out>
  <system-err><![CDATA[]]></system-err>
</testsuite>
